0 info it worked if it ends with ok
1 verbose cli [ '/home/ubuntu/.nvm/versions/node/v6.11.2/bin/node',
1 verbose cli   '/home/ubuntu/.nvm/versions/node/v6.11.2/bin/npm',
1 verbose cli   'run',
1 verbose cli   'test-api-issue-dioxid' ]
2 info using npm@3.10.10
3 info using node@v6.11.2
4 verbose run-script [ 'pretest-api-issue-dioxid',
4 verbose run-script   'test-api-issue-dioxid',
4 verbose run-script   'posttest-api-issue-dioxid' ]
5 info lifecycle l05@1.0.0~pretest-api-issue-dioxid: l05@1.0.0
6 silly lifecycle l05@1.0.0~pretest-api-issue-dioxid: no script for pretest-api-issue-dioxid, continuing
7 info lifecycle l05@1.0.0~test-api-issue-dioxid: l05@1.0.0
8 verbose lifecycle l05@1.0.0~test-api-issue-dioxid: unsafe-perm in lifecycle true
9 verbose lifecycle l05@1.0.0~test-api-issue-dioxid: PATH: /home/ubuntu/.nvm/versions/node/v6.11.2/lib/node_modules/npm/bin/node-gyp-bin:/home/ubuntu/workspace/old-labs/SOS1819-10/node_modules/.bin:/home/ubuntu/.nvm/versions/node/v6.11.2/bin:/usr/local/rvm/gems/ruby-2.4.0/bin:/usr/local/rvm/gems/ruby-2.4.0@global/bin:/usr/local/rvm/rubies/ruby-2.4.0/bin:/mnt/shared/bin:/home/ubuntu/workspace/node_modules/.bin:/home/ubuntu/bin:/usr/local/sbin:/usr/local/bin:/usr/sbin:/usr/bin:/sbin:/bin:/mnt/shared/sbin:/opt/gitl:/opt/go/bin:/mnt/shared/c9/app.nw/bin:/usr/local/rvm/bin
10 verbose lifecycle l05@1.0.0~test-api-issue-dioxid: CWD: /home/ubuntu/workspace/old-labs/SOS1819-10
11 silly lifecycle l05@1.0.0~test-api-issue-dioxid: Args: [ '-c',
11 silly lifecycle   'newman run https://www.getpostman.com/collections/54716cea09d8d7b56dc0 && protractor tests-issue/test.js' ]
12 silly lifecycle l05@1.0.0~test-api-issue-dioxid: Returned: code: 1  signal: null
13 info lifecycle l05@1.0.0~test-api-issue-dioxid: Failed to exec test-api-issue-dioxid script
14 verbose stack Error: l05@1.0.0 test-api-issue-dioxid: `newman run https://www.getpostman.com/collections/54716cea09d8d7b56dc0 && protractor tests-issue/test.js`
14 verbose stack Exit status 1
14 verbose stack     at EventEmitter.<anonymous> (/home/ubuntu/.nvm/versions/node/v6.11.2/lib/node_modules/npm/lib/utils/lifecycle.js:255:16)
14 verbose stack     at emitTwo (events.js:106:13)
14 verbose stack     at EventEmitter.emit (events.js:191:7)
14 verbose stack     at ChildProcess.<anonymous> (/home/ubuntu/.nvm/versions/node/v6.11.2/lib/node_modules/npm/lib/utils/spawn.js:40:14)
14 verbose stack     at emitTwo (events.js:106:13)
14 verbose stack     at ChildProcess.emit (events.js:191:7)
14 verbose stack     at maybeClose (internal/child_process.js:891:16)
14 verbose stack     at Process.ChildProcess._handle.onexit (internal/child_process.js:226:5)
15 verbose pkgid l05@1.0.0
16 verbose cwd /home/ubuntu/workspace/old-labs/SOS1819-10
17 error Linux 4.9.120-c9
18 error argv "/home/ubuntu/.nvm/versions/node/v6.11.2/bin/node" "/home/ubuntu/.nvm/versions/node/v6.11.2/bin/npm" "run" "test-api-issue-dioxid"
19 error node v6.11.2
20 error npm  v3.10.10
21 error code ELIFECYCLE
22 error l05@1.0.0 test-api-issue-dioxid: `newman run https://www.getpostman.com/collections/54716cea09d8d7b56dc0 && protractor tests-issue/test.js`
22 error Exit status 1
23 error Failed at the l05@1.0.0 test-api-issue-dioxid script 'newman run https://www.getpostman.com/collections/54716cea09d8d7b56dc0 && protractor tests-issue/test.js'.
23 error Make sure you have the latest version of node.js and npm installed.
23 error If you do, this is most likely a problem with the l05 package,
23 error not with npm itself.
23 error Tell the author that this fails on your system:
23 error     newman run https://www.getpostman.com/collections/54716cea09d8d7b56dc0 && protractor tests-issue/test.js
23 error You can get information on how to open an issue for this project with:
23 error     npm bugs l05
23 error Or if that isn't available, you can get their info via:
23 error     npm owner ls l05
23 error There is likely additional logging output above.
24 verbose exit [ 1, true ]
